2018-03-20 02:06:25 Error: [Cake\Routing\Exception\MissingControllerException] Controller class Aa could not be found.
Exception Attributes: array (
  'class' => 'Aa',
  'plugin' => false,
  'prefix' => false,
  '_ext' => false,
)
Request URL: /aa
Stack Trace:
#0 /home/fujimaki/image_explore/vendor/cakephp/cakephp/src/Http/ControllerFactory.php(38): Cake\Http\ControllerFactory->missingController(Object(Cake\Http\ServerRequest))
#1 /home/fujimaki/image_explore/vendor/cakephp/cakephp/src/Http/ActionDispatcher.php(90): Cake\Http\ControllerFactory->create(Object(Cake\Http\ServerRequest), Object(Cake\Http\Response))
#2 /home/fujimaki/image_explore/vendor/cakephp/cakephp/src/Http/BaseApplication.php(108): Cake\Http\ActionDispatcher->dispatch(Object(Cake\Http\ServerRequest), Object(Cake\Http\Response))
#3 /home/fujimaki/image_explore/vendor/cakephp/cakephp/src/Http/Runner.php(65): Cake\Http\BaseApplication->__invoke(Object(Cake\Http\ServerRequest), Object(Cake\Http\Response), Object(Cake\Http\Runner))
#4 /home/fujimaki/image_explore/vendor/cakephp/cakephp/src/Routing/Middleware/RoutingMiddleware.php(104): Cake\Http\Runner->__invoke(Object(Cake\Http\ServerRequest), Object(Cake\Http\Response))
#5 /home/fujimaki/image_explore/vendor/cakephp/cakephp/src/Http/Runner.php(65): Cake\Routing\Middleware\RoutingMiddleware->__invoke(Object(Cake\Http\ServerRequest), Object(Cake\Http\Response), Object(Cake\Http\Runner))
#6 /home/fujimaki/image_explore/vendor/cakephp/cakephp/src/Routing/Middleware/AssetMiddleware.php(88): Cake\Http\Runner->__invoke(Object(Cake\Http\ServerRequest), Object(Cake\Http\Response))
#7 /home/fujimaki/image_explore/vendor/cakephp/cakephp/src/Http/Runner.php(65): Cake\Routing\Middleware\AssetMiddleware->__invoke(Object(Cake\Http\ServerRequest), Object(Cake\Http\Response), Object(Cake\Http\Runner))
#8 /home/fujimaki/image_explore/vendor/cakephp/cakephp/src/Error/Middleware/ErrorHandlerMiddleware.php(98): Cake\Http\Runner->__invoke(Object(Cake\Http\ServerRequest), Object(Cake\Http\Response))
#9 /home/fujimaki/image_explore/vendor/cakephp/cakephp/src/Http/Runner.php(65): Cake\Error\Middleware\ErrorHandlerMiddleware->__invoke(Object(Cake\Http\ServerRequest), Object(Cake\Http\Response), Object(Cake\Http\Runner))
#10 /home/fujimaki/image_explore/vendor/cakephp/debug_kit/src/Middleware/DebugKitMiddleware.php(52): Cake\Http\Runner->__invoke(Object(Cake\Http\ServerRequest), Object(Cake\Http\Response))
#11 /home/fujimaki/image_explore/vendor/cakephp/cakephp/src/Http/Runner.php(65): DebugKit\Middleware\DebugKitMiddleware->__invoke(Object(Cake\Http\ServerRequest), Object(Cake\Http\Response), Object(Cake\Http\Runner))
#12 /home/fujimaki/image_explore/vendor/cakephp/cakephp/src/Http/Runner.php(51): Cake\Http\Runner->__invoke(Object(Cake\Http\ServerRequest), Object(Cake\Http\Response))
#13 /home/fujimaki/image_explore/vendor/cakephp/cakephp/src/Http/Server.php(81): Cake\Http\Runner->run(Object(Cake\Http\MiddlewareQueue), Object(Cake\Http\ServerRequest), Object(Cake\Http\Response))
#14 /home/fujimaki/image_explore/webroot/index.php(40): Cake\Http\Server->run()
#15 {main}


2018-03-20 02:08:24 Error: [Cake\Routing\Exception\MissingControllerException] Controller class Top could not be found.
Exception Attributes: array (
  'class' => 'Top',
  'plugin' => false,
  'prefix' => false,
  '_ext' => false,
)
Request URL: /
Stack Trace:
#0 /home/fujimaki/image_explore/vendor/cakephp/cakephp/src/Http/ControllerFactory.php(38): Cake\Http\ControllerFactory->missingController(Object(Cake\Http\ServerRequest))
#1 /home/fujimaki/image_explore/vendor/cakephp/cakephp/src/Http/ActionDispatcher.php(90): Cake\Http\ControllerFactory->create(Object(Cake\Http\ServerRequest), Object(Cake\Http\Response))
#2 /home/fujimaki/image_explore/vendor/cakephp/cakephp/src/Http/BaseApplication.php(108): Cake\Http\ActionDispatcher->dispatch(Object(Cake\Http\ServerRequest), Object(Cake\Http\Response))
#3 /home/fujimaki/image_explore/vendor/cakephp/cakephp/src/Http/Runner.php(65): Cake\Http\BaseApplication->__invoke(Object(Cake\Http\ServerRequest), Object(Cake\Http\Response), Object(Cake\Http\Runner))
#4 /home/fujimaki/image_explore/vendor/cakephp/cakephp/src/Routing/Middleware/RoutingMiddleware.php(104): Cake\Http\Runner->__invoke(Object(Cake\Http\ServerRequest), Object(Cake\Http\Response))
#5 /home/fujimaki/image_explore/vendor/cakephp/cakephp/src/Http/Runner.php(65): Cake\Routing\Middleware\RoutingMiddleware->__invoke(Object(Cake\Http\ServerRequest), Object(Cake\Http\Response), Object(Cake\Http\Runner))
#6 /home/fujimaki/image_explore/vendor/cakephp/cakephp/src/Routing/Middleware/AssetMiddleware.php(88): Cake\Http\Runner->__invoke(Object(Cake\Http\ServerRequest), Object(Cake\Http\Response))
#7 /home/fujimaki/image_explore/vendor/cakephp/cakephp/src/Http/Runner.php(65): Cake\Routing\Middleware\AssetMiddleware->__invoke(Object(Cake\Http\ServerRequest), Object(Cake\Http\Response), Object(Cake\Http\Runner))
#8 /home/fujimaki/image_explore/vendor/cakephp/cakephp/src/Error/Middleware/ErrorHandlerMiddleware.php(98): Cake\Http\Runner->__invoke(Object(Cake\Http\ServerRequest), Object(Cake\Http\Response))
#9 /home/fujimaki/image_explore/vendor/cakephp/cakephp/src/Http/Runner.php(65): Cake\Error\Middleware\ErrorHandlerMiddleware->__invoke(Object(Cake\Http\ServerRequest), Object(Cake\Http\Response), Object(Cake\Http\Runner))
#10 /home/fujimaki/image_explore/vendor/cakephp/debug_kit/src/Middleware/DebugKitMiddleware.php(52): Cake\Http\Runner->__invoke(Object(Cake\Http\ServerRequest), Object(Cake\Http\Response))
#11 /home/fujimaki/image_explore/vendor/cakephp/cakephp/src/Http/Runner.php(65): DebugKit\Middleware\DebugKitMiddleware->__invoke(Object(Cake\Http\ServerRequest), Object(Cake\Http\Response), Object(Cake\Http\Runner))
#12 /home/fujimaki/image_explore/vendor/cakephp/cakephp/src/Http/Runner.php(51): Cake\Http\Runner->__invoke(Object(Cake\Http\ServerRequest), Object(Cake\Http\Response))
#13 /home/fujimaki/image_explore/vendor/cakephp/cakephp/src/Http/Server.php(81): Cake\Http\Runner->run(Object(Cake\Http\MiddlewareQueue), Object(Cake\Http\ServerRequest), Object(Cake\Http\Response))
#14 /home/fujimaki/image_explore/webroot/index.php(40): Cake\Http\Server->run()
#15 {main}


2018-03-20 02:27:36 Error: [Cake\Routing\Exception\MissingControllerException] Controller class Image could not be found.
Exception Attributes: array (
  'class' => 'Image',
  'plugin' => false,
  'prefix' => false,
  '_ext' => false,
)
Request URL: /image/upload
Referer URL: http://devs.qwtt.jp/devel/fujimaki/image_explore/
Stack Trace:
#0 /home/fujimaki/image_explore/vendor/cakephp/cakephp/src/Http/ControllerFactory.php(38): Cake\Http\ControllerFactory->missingController(Object(Cake\Http\ServerRequest))
#1 /home/fujimaki/image_explore/vendor/cakephp/cakephp/src/Http/ActionDispatcher.php(90): Cake\Http\ControllerFactory->create(Object(Cake\Http\ServerRequest), Object(Cake\Http\Response))
#2 /home/fujimaki/image_explore/vendor/cakephp/cakephp/src/Http/BaseApplication.php(108): Cake\Http\ActionDispatcher->dispatch(Object(Cake\Http\ServerRequest), Object(Cake\Http\Response))
#3 /home/fujimaki/image_explore/vendor/cakephp/cakephp/src/Http/Runner.php(65): Cake\Http\BaseApplication->__invoke(Object(Cake\Http\ServerRequest), Object(Cake\Http\Response), Object(Cake\Http\Runner))
#4 /home/fujimaki/image_explore/vendor/cakephp/cakephp/src/Routing/Middleware/RoutingMiddleware.php(104): Cake\Http\Runner->__invoke(Object(Cake\Http\ServerRequest), Object(Cake\Http\Response))
#5 /home/fujimaki/image_explore/vendor/cakephp/cakephp/src/Http/Runner.php(65): Cake\Routing\Middleware\RoutingMiddleware->__invoke(Object(Cake\Http\ServerRequest), Object(Cake\Http\Response), Object(Cake\Http\Runner))
#6 /home/fujimaki/image_explore/vendor/cakephp/cakephp/src/Routing/Middleware/AssetMiddleware.php(88): Cake\Http\Runner->__invoke(Object(Cake\Http\ServerRequest), Object(Cake\Http\Response))
#7 /home/fujimaki/image_explore/vendor/cakephp/cakephp/src/Http/Runner.php(65): Cake\Routing\Middleware\AssetMiddleware->__invoke(Object(Cake\Http\ServerRequest), Object(Cake\Http\Response), Object(Cake\Http\Runner))
#8 /home/fujimaki/image_explore/vendor/cakephp/cakephp/src/Error/Middleware/ErrorHandlerMiddleware.php(98): Cake\Http\Runner->__invoke(Object(Cake\Http\ServerRequest), Object(Cake\Http\Response))
#9 /home/fujimaki/image_explore/vendor/cakephp/cakephp/src/Http/Runner.php(65): Cake\Error\Middleware\ErrorHandlerMiddleware->__invoke(Object(Cake\Http\ServerRequest), Object(Cake\Http\Response), Object(Cake\Http\Runner))
#10 /home/fujimaki/image_explore/vendor/cakephp/debug_kit/src/Middleware/DebugKitMiddleware.php(52): Cake\Http\Runner->__invoke(Object(Cake\Http\ServerRequest), Object(Cake\Http\Response))
#11 /home/fujimaki/image_explore/vendor/cakephp/cakephp/src/Http/Runner.php(65): DebugKit\Middleware\DebugKitMiddleware->__invoke(Object(Cake\Http\ServerRequest), Object(Cake\Http\Response), Object(Cake\Http\Runner))
#12 /home/fujimaki/image_explore/vendor/cakephp/cakephp/src/Http/Runner.php(51): Cake\Http\Runner->__invoke(Object(Cake\Http\ServerRequest), Object(Cake\Http\Response))
#13 /home/fujimaki/image_explore/vendor/cakephp/cakephp/src/Http/Server.php(81): Cake\Http\Runner->run(Object(Cake\Http\MiddlewareQueue), Object(Cake\Http\ServerRequest), Object(Cake\Http\Response))
#14 /home/fujimaki/image_explore/webroot/index.php(40): Cake\Http\Server->run()
#15 {main}


2018-03-28 10:51:52 Error: [ParseError] syntax error, unexpected ':', expecting ',' or ';'
Request URL: /image_upload
Referer URL: https://devs.qwtt.jp/devel/fujimaki/image_explore/
Stack Trace:
#0 /home/fujimaki/image_explore/vendor/cakephp/cakephp/src/View/View.php(1164): Cake\View\View->_evaluate('/home/fujimaki/...', Array)
#1 /home/fujimaki/image_explore/vendor/cakephp/cakephp/src/View/View.php(772): Cake\View\View->_render('/home/fujimaki/...')
#2 /home/fujimaki/image_explore/vendor/cakephp/cakephp/src/Controller/Controller.php(623): Cake\View\View->render(NULL, NULL)
#3 /home/fujimaki/image_explore/vendor/cakephp/cakephp/src/Http/ActionDispatcher.php(125): Cake\Controller\Controller->render()
#4 /home/fujimaki/image_explore/vendor/cakephp/cakephp/src/Http/ActionDispatcher.php(93): Cake\Http\ActionDispatcher->_invoke(Object(App\Controller\ImageController))
#5 /home/fujimaki/image_explore/vendor/cakephp/cakephp/src/Http/BaseApplication.php(108): Cake\Http\ActionDispatcher->dispatch(Object(Cake\Http\ServerRequest), Object(Cake\Http\Response))
#6 /home/fujimaki/image_explore/vendor/cakephp/cakephp/src/Http/Runner.php(65): Cake\Http\BaseApplication->__invoke(Object(Cake\Http\ServerRequest), Object(Cake\Http\Response), Object(Cake\Http\Runner))
#7 /home/fujimaki/image_explore/vendor/cakephp/cakephp/src/Routing/Middleware/RoutingMiddleware.php(104): Cake\Http\Runner->__invoke(Object(Cake\Http\ServerRequest), Object(Cake\Http\Response))
#8 /home/fujimaki/image_explore/vendor/cakephp/cakephp/src/Http/Runner.php(65): Cake\Routing\Middleware\RoutingMiddleware->__invoke(Object(Cake\Http\ServerRequest), Object(Cake\Http\Response), Object(Cake\Http\Runner))
#9 /home/fujimaki/image_explore/vendor/cakephp/cakephp/src/Routing/Middleware/AssetMiddleware.php(88): Cake\Http\Runner->__invoke(Object(Cake\Http\ServerRequest), Object(Cake\Http\Response))
#10 /home/fujimaki/image_explore/vendor/cakephp/cakephp/src/Http/Runner.php(65): Cake\Routing\Middleware\AssetMiddleware->__invoke(Object(Cake\Http\ServerRequest), Object(Cake\Http\Response), Object(Cake\Http\Runner))
#11 /home/fujimaki/image_explore/vendor/cakephp/cakephp/src/Error/Middleware/ErrorHandlerMiddleware.php(98): Cake\Http\Runner->__invoke(Object(Cake\Http\ServerRequest), Object(Cake\Http\Response))
#12 /home/fujimaki/image_explore/vendor/cakephp/cakephp/src/Http/Runner.php(65): Cake\Error\Middleware\ErrorHandlerMiddleware->__invoke(Object(Cake\Http\ServerRequest), Object(Cake\Http\Response), Object(Cake\Http\Runner))
#13 /home/fujimaki/image_explore/vendor/cakephp/debug_kit/src/Middleware/DebugKitMiddleware.php(52): Cake\Http\Runner->__invoke(Object(Cake\Http\ServerRequest), Object(Cake\Http\Response))
#14 /home/fujimaki/image_explore/vendor/cakephp/cakephp/src/Http/Runner.php(65): DebugKit\Middleware\DebugKitMiddleware->__invoke(Object(Cake\Http\ServerRequest), Object(Cake\Http\Response), Object(Cake\Http\Runner))
#15 /home/fujimaki/image_explore/vendor/cakephp/cakephp/src/Http/Runner.php(51): Cake\Http\Runner->__invoke(Object(Cake\Http\ServerRequest), Object(Cake\Http\Response))
#16 /home/fujimaki/image_explore/vendor/cakephp/cakephp/src/Http/Server.php(81): Cake\Http\Runner->run(Object(Cake\Http\MiddlewareQueue), Object(Cake\Http\ServerRequest), Object(Cake\Http\Response))
#17 /home/fujimaki/image_explore/webroot/index.php(40): Cake\Http\Server->run()
#18 {main}


2018-03-28 11:09:18 Warning: Warning (2): require_once(HTTP/Request2.php): failed to open stream: No such file or directory in [/home/fujimaki/image_explore/src/Controller/ImageController.php, line 13]
Request URL: /image_upload
Referer URL: https://devs.qwtt.jp/devel/fujimaki/image_explore/image_upload
Client IP: 39.110.204.53
Trace:
Cake\Error\BaseErrorHandler::handleError() - CORE/src/Error/BaseErrorHandler.php, line 153
require_once - APP/Controller/ImageController.php, line 13
App\Controller\ImageController::upload() - APP/Controller/ImageController.php, line 13
Cake\Controller\Controller::invokeAction() - CORE/src/Controller/Controller.php, line 440
Cake\Http\ActionDispatcher::_invoke() - CORE/src/Http/ActionDispatcher.php, line 119
Cake\Http\ActionDispatcher::dispatch() - CORE/src/Http/ActionDispatcher.php, line 93
Cake\Http\BaseApplication::__invoke() - CORE/src/Http/BaseApplication.php, line 108
Cake\Http\Runner::__invoke() - CORE/src/Http/Runner.php, line 65
Cake\Routing\Middleware\RoutingMiddleware::__invoke() - CORE/src/Routing/Middleware/RoutingMiddleware.php, line 104
Cake\Http\Runner::__invoke() - CORE/src/Http/Runner.php, line 65
Cake\Routing\Middleware\AssetMiddleware::__invoke() - CORE/src/Routing/Middleware/AssetMiddleware.php, line 88
Cake\Http\Runner::__invoke() - CORE/src/Http/Runner.php, line 65
Cake\Error\Middleware\ErrorHandlerMiddleware::__invoke() - CORE/src/Error/Middleware/ErrorHandlerMiddleware.php, line 98
Cake\Http\Runner::__invoke() - CORE/src/Http/Runner.php, line 65
DebugKit\Middleware\DebugKitMiddleware::__invoke() - ROOT/vendor/cakephp/debug_kit/src/Middleware/DebugKitMiddleware.php, line 52
Cake\Http\Runner::__invoke() - CORE/src/Http/Runner.php, line 65
Cake\Http\Runner::run() - CORE/src/Http/Runner.php, line 51
Cake\Http\Server::run() - CORE/src/Http/Server.php, line 81
[main] - ROOT/webroot/index.php, line 40



2018-03-28 11:11:05 Error: [ParseError] syntax error, unexpected '[', expecting '('
Request URL: /image_upload
Referer URL: https://devs.qwtt.jp/devel/fujimaki/image_explore/image_upload
Stack Trace:
#0 /home/fujimaki/image_explore/vendor/composer/ClassLoader.php(322): Composer\Autoload\includeFile('/home/fujimaki/...')
#1 [internal function]: Composer\Autoload\ClassLoader->loadClass('App\\Controller\\...')
#2 [internal function]: spl_autoload_call('App\\Controller\\...')
#3 /home/fujimaki/image_explore/vendor/cakephp/cakephp/src/Core/App.php(152): class_exists('App\\Controller\\...')
#4 /home/fujimaki/image_explore/vendor/cakephp/cakephp/src/Core/App.php(64): Cake\Core\App::_classExistsInBase('\\Controller\\Ima...', 'App')
#5 /home/fujimaki/image_explore/vendor/cakephp/cakephp/src/Http/ControllerFactory.php(88): Cake\Core\App::className('Image', 'Controller', 'Controller')
#6 /home/fujimaki/image_explore/vendor/cakephp/cakephp/src/Http/ControllerFactory.php(36): Cake\Http\ControllerFactory->getControllerClass(Object(Cake\Http\ServerRequest))
#7 /home/fujimaki/image_explore/vendor/cakephp/cakephp/src/Http/ActionDispatcher.php(90): Cake\Http\ControllerFactory->create(Object(Cake\Http\ServerRequest), Object(Cake\Http\Response))
#8 /home/fujimaki/image_explore/vendor/cakephp/cakephp/src/Http/BaseApplication.php(108): Cake\Http\ActionDispatcher->dispatch(Object(Cake\Http\ServerRequest), Object(Cake\Http\Response))
#9 /home/fujimaki/image_explore/vendor/cakephp/cakephp/src/Http/Runner.php(65): Cake\Http\BaseApplication->__invoke(Object(Cake\Http\ServerRequest), Object(Cake\Http\Response), Object(Cake\Http\Runner))
#10 /home/fujimaki/image_explore/vendor/cakephp/cakephp/src/Routing/Middleware/RoutingMiddleware.php(104): Cake\Http\Runner->__invoke(Object(Cake\Http\ServerRequest), Object(Cake\Http\Response))
#11 /home/fujimaki/image_explore/vendor/cakephp/cakephp/src/Http/Runner.php(65): Cake\Routing\Middleware\RoutingMiddleware->__invoke(Object(Cake\Http\ServerRequest), Object(Cake\Http\Response), Object(Cake\Http\Runner))
#12 /home/fujimaki/image_explore/vendor/cakephp/cakephp/src/Routing/Middleware/AssetMiddleware.php(88): Cake\Http\Runner->__invoke(Object(Cake\Http\ServerRequest), Object(Cake\Http\Response))
#13 /home/fujimaki/image_explore/vendor/cakephp/cakephp/src/Http/Runner.php(65): Cake\Routing\Middleware\AssetMiddleware->__invoke(Object(Cake\Http\ServerRequest), Object(Cake\Http\Response), Object(Cake\Http\Runner))
#14 /home/fujimaki/image_explore/vendor/cakephp/cakephp/src/Error/Middleware/ErrorHandlerMiddleware.php(98): Cake\Http\Runner->__invoke(Object(Cake\Http\ServerRequest), Object(Cake\Http\Response))
#15 /home/fujimaki/image_explore/vendor/cakephp/cakephp/src/Http/Runner.php(65): Cake\Error\Middleware\ErrorHandlerMiddleware->__invoke(Object(Cake\Http\ServerRequest), Object(Cake\Http\Response), Object(Cake\Http\Runner))
#16 /home/fujimaki/image_explore/vendor/cakephp/debug_kit/src/Middleware/DebugKitMiddleware.php(52): Cake\Http\Runner->__invoke(Object(Cake\Http\ServerRequest), Object(Cake\Http\Response))
#17 /home/fujimaki/image_explore/vendor/cakephp/cakephp/src/Http/Runner.php(65): DebugKit\Middleware\DebugKitMiddleware->__invoke(Object(Cake\Http\ServerRequest), Object(Cake\Http\Response), Object(Cake\Http\Runner))
#18 /home/fujimaki/image_explore/vendor/cakephp/cakephp/src/Http/Runner.php(51): Cake\Http\Runner->__invoke(Object(Cake\Http\ServerRequest), Object(Cake\Http\Response))
#19 /home/fujimaki/image_explore/vendor/cakephp/cakephp/src/Http/Server.php(81): Cake\Http\Runner->run(Object(Cake\Http\MiddlewareQueue), Object(Cake\Http\ServerRequest), Object(Cake\Http\Response))
#20 /home/fujimaki/image_explore/webroot/index.php(40): Cake\Http\Server->run()
#21 {main}


2018-03-28 11:11:16 Warning: Warning (2): file_get_contents({画像パス}) [<a href='https://secure.php.net/function.file-get-contents'>function.file-get-contents</a>]: failed to open stream: No such file or directory in [/home/fujimaki/image_explore/src/Controller/ImageController.php, line 32]
Request URL: /image_upload
Referer URL: https://devs.qwtt.jp/devel/fujimaki/image_explore/image_upload
Client IP: 39.110.204.53
Trace:
Cake\Error\BaseErrorHandler::handleError() - CORE/src/Error/BaseErrorHandler.php, line 153
file_get_contents - [internal], line ??
App\Controller\ImageController::upload() - APP/Controller/ImageController.php, line 32
Cake\Controller\Controller::invokeAction() - CORE/src/Controller/Controller.php, line 440
Cake\Http\ActionDispatcher::_invoke() - CORE/src/Http/ActionDispatcher.php, line 119
Cake\Http\ActionDispatcher::dispatch() - CORE/src/Http/ActionDispatcher.php, line 93
Cake\Http\BaseApplication::__invoke() - CORE/src/Http/BaseApplication.php, line 108
Cake\Http\Runner::__invoke() - CORE/src/Http/Runner.php, line 65
Cake\Routing\Middleware\RoutingMiddleware::__invoke() - CORE/src/Routing/Middleware/RoutingMiddleware.php, line 104
Cake\Http\Runner::__invoke() - CORE/src/Http/Runner.php, line 65
Cake\Routing\Middleware\AssetMiddleware::__invoke() - CORE/src/Routing/Middleware/AssetMiddleware.php, line 88
Cake\Http\Runner::__invoke() - CORE/src/Http/Runner.php, line 65
Cake\Error\Middleware\ErrorHandlerMiddleware::__invoke() - CORE/src/Error/Middleware/ErrorHandlerMiddleware.php, line 98
Cake\Http\Runner::__invoke() - CORE/src/Http/Runner.php, line 65
DebugKit\Middleware\DebugKitMiddleware::__invoke() - ROOT/vendor/cakephp/debug_kit/src/Middleware/DebugKitMiddleware.php, line 52
Cake\Http\Runner::__invoke() - CORE/src/Http/Runner.php, line 65
Cake\Http\Runner::run() - CORE/src/Http/Runner.php, line 51
Cake\Http\Server::run() - CORE/src/Http/Server.php, line 81
[main] - ROOT/webroot/index.php, line 40



2018-03-28 11:11:17 Warning: Warning (512): Unable to emit headers. Headers sent in file=/home/fujimaki/image_explore/vendor/cakephp/cakephp/src/Error/Debugger.php line=850 in [/home/fujimaki/image_explore/vendor/cakephp/cakephp/src/Http/ResponseEmitter.php, line 48]
Request URL: /image_upload
Referer URL: https://devs.qwtt.jp/devel/fujimaki/image_explore/image_upload
Client IP: 39.110.204.53
Trace:
Cake\Error\BaseErrorHandler::handleError() - CORE/src/Error/BaseErrorHandler.php, line 153
Cake\Http\ResponseEmitter::emit() - CORE/src/Http/ResponseEmitter.php, line 48
Cake\Http\Server::emit() - CORE/src/Http/Server.php, line 106
[main] - ROOT/webroot/index.php, line 40



2018-03-28 11:11:17 Warning: Warning (2): Cannot modify header information - headers already sent by (output started at /home/fujimaki/image_explore/vendor/cakephp/cakephp/src/Error/Debugger.php:850) in [/home/fujimaki/image_explore/vendor/cakephp/cakephp/src/Http/ResponseEmitter.php, line 148]
Request URL: /image_upload
Referer URL: https://devs.qwtt.jp/devel/fujimaki/image_explore/image_upload
Client IP: 39.110.204.53
Trace:
Cake\Error\BaseErrorHandler::handleError() - CORE/src/Error/BaseErrorHandler.php, line 153
header - [internal], line ??
Cake\Http\ResponseEmitter::emitStatusLine() - CORE/src/Http/ResponseEmitter.php, line 148
Cake\Http\ResponseEmitter::emit() - CORE/src/Http/ResponseEmitter.php, line 54
Cake\Http\Server::emit() - CORE/src/Http/Server.php, line 106
[main] - ROOT/webroot/index.php, line 40



2018-03-28 11:11:17 Warning: Warning (2): Cannot modify header information - headers already sent by (output started at /home/fujimaki/image_explore/vendor/cakephp/cakephp/src/Error/Debugger.php:850) in [/home/fujimaki/image_explore/vendor/cakephp/cakephp/src/Http/ResponseEmitter.php, line 181]
Request URL: /image_upload
Referer URL: https://devs.qwtt.jp/devel/fujimaki/image_explore/image_upload
Client IP: 39.110.204.53
Trace:
Cake\Error\BaseErrorHandler::handleError() - CORE/src/Error/BaseErrorHandler.php, line 153
header - [internal], line ??
Cake\Http\ResponseEmitter::emitHeaders() - CORE/src/Http/ResponseEmitter.php, line 181
Cake\Http\ResponseEmitter::emit() - CORE/src/Http/ResponseEmitter.php, line 55
Cake\Http\Server::emit() - CORE/src/Http/Server.php, line 106
[main] - ROOT/webroot/index.php, line 40



2018-03-28 11:11:17 Warning: Warning (2): Cannot modify header information - headers already sent by (output started at /home/fujimaki/image_explore/vendor/cakephp/cakephp/src/Error/Debugger.php:850) in [/home/fujimaki/image_explore/vendor/cakephp/cakephp/src/Http/ResponseEmitter.php, line 181]
Request URL: /image_upload
Referer URL: https://devs.qwtt.jp/devel/fujimaki/image_explore/image_upload
Client IP: 39.110.204.53
Trace:
Cake\Error\BaseErrorHandler::handleError() - CORE/src/Error/BaseErrorHandler.php, line 153
header - [internal], line ??
Cake\Http\ResponseEmitter::emitHeaders() - CORE/src/Http/ResponseEmitter.php, line 181
Cake\Http\ResponseEmitter::emit() - CORE/src/Http/ResponseEmitter.php, line 55
Cake\Http\Server::emit() - CORE/src/Http/Server.php, line 106
[main] - ROOT/webroot/index.php, line 40



